<?xml version="1.0" encoding="UTF-8"?>
<beans xmlns="http://www.springframework.org/schema/beans"
       xmlns:xsi="http://www.w3.org/2001/XMLSchema-instance"
       xmlns:util="http://www.springframework.org/schema/util"
       xmlns:context="http://www.springframework.org/schema/context"
       xsi:schemaLocation="http://www.springframework.org/schema/beans http://www.springframework.org/schema/beans/spring-beans-4.2.xsd
                        http://www.springframework.org/schema/util http://www.springframework.org/schema/util/spring-util-4.2.xsd
                        http://www.springframework.org/schema/context http://www.springframework.org/schema/context/spring-context-4.2.xsd ">

    <!--<util:properties id="bizConfig" location="classpath:config/properties/business.xml"/>-->
    <util:properties id="core" location="classpath:config/properties/core.xml"/>
    <util:properties id="system" location="classpath:config/properties/system.xml"/>

    <context:component-scan base-package="dmall.framework">
        <context:exclude-filter type="annotation" expression="org.springframework.stereotype.Controller"/>
    </context:component-scan>
    <context:component-scan base-package="net.danvi.dmall.core">
        <context:exclude-filter type="annotation" expression="org.springframework.stereotype.Controller"/>
    </context:component-scan>

    <!-- ### Message ###-->
    <bean id="messageSource" class="org.springframework.context.support.ReloadableResourceBundleMessageSource">
        <property name="basenames">
            <list>
                <value>classpath:config/messages/core</value>
                <value>classpath:config/messages/business</value>
                <value>classpath:config/messages/validation/common</value>
                <value>classpath:config/messages/validation/design</value>
                <value>classpath:config/messages/validation/goods</value>
                <value>classpath:config/messages/validation/marketing</value>
                <value>classpath:config/messages/validation/member</value>
                <value>classpath:config/messages/validation/operation</value>
                <value>classpath:config/messages/validation/order</value>
                <value>classpath:config/messages/validation/promotion</value>
                <value>classpath:config/messages/validation/setup</value>
                <value>classpath:config/messages/validation/statistics</value>
            </list>
        </property>
        <property name="cacheSeconds" value="30"/>
        <property name="defaultEncoding" value="UTF-8"/>
    </bean>

    <!--### Message Accessor : class에서 message 호출을 위하여 설정 ###-->
    <bean id="message" class="org.springframework.context.support.MessageSourceAccessor">
        <constructor-arg ref="messageSource"/>
    </bean>

    <!--### LocaleResolver ###-->
    <bean id="localeResolver" class="org.springframework.web.servlet.i18n.SessionLocaleResolver">
        <property name="defaultLocale" value="ko"/>
    </bean>

    <bean id="validator"
          class="org.springframework.validation.beanvalidation.LocalValidatorFactoryBean">
        <property name="validationMessageSource" ref="messageSource" />
    </bean>
</beans>
